inserted: IGNOMINIOUS in the AVL
inserted: IGNOMINIOUS in the BST
Type: size      height    full?     complete? 
AVL:  1         0         true      true      
BST:  1         0         true      true      

AVL:
Number of Leaf Nodes: 1
Levels of Leaf Nodes: 0   
BST:
Number of Leaf Nodes: 1
Levels of Leaf Nodes: 0   

inserted: ELEPHANT in the AVL
inserted: ELEPHANT in the BST
Type: size      height    full?     complete? 
AVL:  2         1         false     true      
BST:  2         1         false     true      

AVL:
Number of Leaf Nodes: 1
Levels of Leaf Nodes: 1   
BST:
Number of Leaf Nodes: 1
Levels of Leaf Nodes: 1   

inserted: JUDICIOUS in the AVL
inserted: JUDICIOUS in the BST
Type: size      height    full?     complete? 
AVL:  3         1         true      true      
BST:  3         1         true      true      

AVL:
Number of Leaf Nodes: 2
Levels of Leaf Nodes: 1   1   
BST:
Number of Leaf Nodes: 2
Levels of Leaf Nodes: 1   1   

inserted: BASTION in the AVL
inserted: BASTION in the BST
Type: size      height    full?     complete? 
AVL:  4         2         false     true      
BST:  4         2         false     true      

AVL:
Number of Leaf Nodes: 2
Levels of Leaf Nodes: 2   1   
BST:
Number of Leaf Nodes: 2
Levels of Leaf Nodes: 2   1   

inserted: FASTIDIOUS in the AVL
inserted: FASTIDIOUS in the BST
Type: size      height    full?     complete? 
AVL:  5         2         true      true      
BST:  5         2         true      true      

AVL:
Number of Leaf Nodes: 3
Levels of Leaf Nodes: 2   2   1   
BST:
Number of Leaf Nodes: 3
Levels of Leaf Nodes: 2   2   1   

inserted: GENEROUS in the AVL
inserted: GENEROUS in the BST
Type: size      height    full?     complete? 
AVL:  6         2         false     false     
BST:  6         3         false     false     

AVL:
Number of Leaf Nodes: 3
Levels of Leaf Nodes: 2   2   2   
BST:
Number of Leaf Nodes: 3
Levels of Leaf Nodes: 2   3   1   

inserted: HILARIOUS in the AVL
inserted: HILARIOUS in the BST
Type: size      height    full?     complete? 
AVL:  7         3         false     false     
BST:  7         4         false     false     

AVL:
Number of Leaf Nodes: 3
Levels of Leaf Nodes: 2   3   2   
BST:
Number of Leaf Nodes: 3
Levels of Leaf Nodes: 2   4   1   

inserted: ASTUTE in the AVL
inserted: ASTUTE in the BST
Type: size      height    full?     complete? 
AVL:  8         3         false     false     
BST:  8         4         false     false     

AVL:
Number of Leaf Nodes: 4
Levels of Leaf Nodes: 2   2   3   2   
BST:
Number of Leaf Nodes: 3
Levels of Leaf Nodes: 3   4   1   

inserted: DEGENERATE in the AVL
inserted: DEGENERATE in the BST
Type: size      height    full?     complete? 
AVL:  9         3         false     false     
BST:  9         4         false     false     

AVL:
Number of Leaf Nodes: 4
Levels of Leaf Nodes: 2   3   3   2   
BST:
Number of Leaf Nodes: 4
Levels of Leaf Nodes: 3   3   4   1   

inserted: COURAGEOUS in the AVL
inserted: COURAGEOUS in the BST
Type: size      height    full?     complete? 
AVL:  10        3         false     false     
BST:  10        4         false     false     

AVL:
Number of Leaf Nodes: 5
Levels of Leaf Nodes: 2   3   3   3   2   
BST:
Number of Leaf Nodes: 4
Levels of Leaf Nodes: 3   4   4   1   

AVL (in-order):
ASTUTE              
BASTION             
COURAGEOUS          
DEGENERATE          
ELEPHANT            
FASTIDIOUS          
GENEROUS            
HILARIOUS           
IGNOMINIOUS         
JUDICIOUS           
-----------------------------------
word count: 10

BST (in-order):
ASTUTE              
BASTION             
COURAGEOUS          
DEGENERATE          
ELEPHANT            
FASTIDIOUS          
GENEROUS            
HILARIOUS           
IGNOMINIOUS         
JUDICIOUS           
-----------------------------------
word count: 10


removed: JUDICIOUS from a depth of 2 in the AVL
removed: JUDICIOUS from a depth of 1 in the BST
Type: size      height    full?     complete? 
AVL:  9         3         true      false     
BST:  9         4         false     false     

AVL:
Number of Leaf Nodes: 5
Levels of Leaf Nodes: 2   3   3   2   2   
BST:
Number of Leaf Nodes: 3
Levels of Leaf Nodes: 3   4   4   

removed: IGNOMINIOUS from a depth of 2 in the AVL
removed: IGNOMINIOUS from a depth of 0 in the BST
Type: size      height    full?     complete? 
AVL:  8         3         false     false     
BST:  8         3         false     false     

AVL:
Number of Leaf Nodes: 4
Levels of Leaf Nodes: 2   3   3   2   
BST:
Number of Leaf Nodes: 3
Levels of Leaf Nodes: 2   3   3   

removed: COURAGEOUS from a depth of 3 in the AVL
removed: COURAGEOUS from a depth of 3 in the BST
Type: size      height    full?     complete? 
AVL:  7         3         false     false     
BST:  7         3         false     false     

AVL:
Number of Leaf Nodes: 3
Levels of Leaf Nodes: 2   3   2   
BST:
Number of Leaf Nodes: 3
Levels of Leaf Nodes: 2   2   3   

removed: HILARIOUS from a depth of 1 in the AVL
removed: HILARIOUS from a depth of 3 in the BST
Type: size      height    full?     complete? 
AVL:  6         2         false     false     
BST:  6         2         false     false     

AVL:
Number of Leaf Nodes: 3
Levels of Leaf Nodes: 2   2   2   
BST:
Number of Leaf Nodes: 3
Levels of Leaf Nodes: 2   2   2   

inserted: EPIPHANY in the AVL
inserted: EPIPHANY in the BST
Type: size      height    full?     complete? 
AVL:  7         3         false     false     
BST:  7         2         true      true      

AVL:
Number of Leaf Nodes: 3
Levels of Leaf Nodes: 2   3   2   
BST:
Number of Leaf Nodes: 4
Levels of Leaf Nodes: 2   2   2   2   

inserted: ASCERTAIN in the AVL
inserted: ASCERTAIN in the BST
Type: size      height    full?     complete? 
AVL:  8         3         false     false     
BST:  8         3         false     true      

AVL:
Number of Leaf Nodes: 4
Levels of Leaf Nodes: 2   2   3   2   
BST:
Number of Leaf Nodes: 4
Levels of Leaf Nodes: 3   2   2   2   

inserted: DELICIOUS in the AVL
inserted: DELICIOUS in the BST
Type: size      height    full?     complete? 
AVL:  9         3         true      false     
BST:  9         3         false     false     

AVL:
Number of Leaf Nodes: 5
Levels of Leaf Nodes: 2   2   3   3   2   
BST:
Number of Leaf Nodes: 4
Levels of Leaf Nodes: 3   3   2   2   

AVL (in-order):
ASCERTAIN           
ASTUTE              
BASTION             
DEGENERATE          
DELICIOUS           
ELEPHANT            
EPIPHANY            
FASTIDIOUS          
GENEROUS            
-----------------------------------
word count: 9

BST (in-order):
ASCERTAIN           
ASTUTE              
BASTION             
DEGENERATE          
DELICIOUS           
ELEPHANT            
EPIPHANY            
FASTIDIOUS          
GENEROUS            
-----------------------------------
word count: 9


removed: ASTUTE from a depth of 1 in the AVL
removed: ASTUTE from a depth of 2 in the BST
Type: size      height    full?     complete? 
AVL:  8         3         false     false     
BST:  8         3         false     false     

AVL:
Number of Leaf Nodes: 4
Levels of Leaf Nodes: 2   3   3   2   
BST:
Number of Leaf Nodes: 4
Levels of Leaf Nodes: 2   3   2   2   

removed: DEGENERATE from a depth of 0 in the AVL
removed: DEGENERATE from a depth of 2 in the BST
Type: size      height    full?     complete? 
AVL:  7         2         true      true      
BST:  7         2         true      true      

AVL:
Number of Leaf Nodes: 4
Levels of Leaf Nodes: 2   2   2   2   
BST:
Number of Leaf Nodes: 4
Levels of Leaf Nodes: 2   2   2   2   

AVL (in-order):
ASCERTAIN           
BASTION             
DELICIOUS           
ELEPHANT            
EPIPHANY            
FASTIDIOUS          
GENEROUS            
-----------------------------------
word count: 7

BST (in-order):
ASCERTAIN           
BASTION             
DELICIOUS           
ELEPHANT            
EPIPHANY            
FASTIDIOUS          
GENEROUS            
-----------------------------------
word count: 7


removed: DELICIOUS from a depth of 2 in the AVL
removed: DELICIOUS from a depth of 2 in the BST
Type: size      height    full?     complete? 
AVL:  6         2         false     false     
BST:  6         2         false     false     

AVL:
Number of Leaf Nodes: 3
Levels of Leaf Nodes: 2   2   2   
BST:
Number of Leaf Nodes: 3
Levels of Leaf Nodes: 2   2   2   

removed: ASCERTAIN from a depth of 2 in the AVL
removed: ASCERTAIN from a depth of 2 in the BST
Type: size      height    full?     complete? 
AVL:  5         2         true      false     
BST:  5         2         true      false     

AVL:
Number of Leaf Nodes: 3
Levels of Leaf Nodes: 1   2   2   
BST:
Number of Leaf Nodes: 3
Levels of Leaf Nodes: 1   2   2   

AVL (in-order):
BASTION             
ELEPHANT            
EPIPHANY            
FASTIDIOUS          
GENEROUS            
-----------------------------------
word count: 5

BST (in-order):
BASTION             
ELEPHANT            
EPIPHANY            
FASTIDIOUS          
GENEROUS            
-----------------------------------
word count: 5